# JRE version: OpenJDK Runtime Environment (8.0_242-b01) (build 1.8.0_242-release-1644-b01)
# Java VM: OpenJDK 64-Bit Server VM (25.242-b01 mixed mode windows-amd64 compressed oops)
Heap:
 PSYoungGen      total 202752K, used 182786K [0x00000000d5580000, 0x00000000e5000000, 0x0000000100000000)
  eden space 185344K, 98% used [0x00000000d5580000,0x00000000e08008c0,0x00000000e0a80000)
  from space 17408K, 0% used [0x00000000e1d00000,0x00000000e1d00000,0x00000000e2e00000)
  to   space 18944K, 0% used [0x00000000e0a80000,0x00000000e0a80000,0x00000000e1d00000)
 ParOldGen       total 223232K, used 32006K [0x0000000080000000, 0x000000008da00000, 0x00000000d5580000)
  object space 223232K, 14% used [0x0000000080000000,0x0000000081f419b0,0x000000008da00000)
 Metaspace       used 65040K, capacity 68296K, committed 68568K, reserved 1107968K
  class space    used 8995K, capacity 9609K, committed 9728K, reserved 1048576K
GC Heap History (10 events):
Event: 5.870 GC heap before
{Heap before GC invocations=9 (full 2):
 PSYoungGen      total 117248K, used 8195K [0x00000000d5580000, 0x00000000e1800000, 0x0000000100000000)
  eden space 104960K, 0% used [0x00000000d5580000,0x00000000d5580000,0x00000000dbc00000)
  from space 12288K, 66% used [0x00000000dbc00000,0x00000000dc400d70,0x00000000dc800000)
  to   space 11776K, 0% used [0x00000000e0c80000,0x00000000e0c80000,0x00000000e1800000)
 ParOldGen       total 95232K, used 7569K [0x0000000080000000, 0x0000000085d00000, 0x00000000d5580000)
  object space 95232K, 7% used [0x0000000080000000,0x00000000807644e8,0x0000000085d00000)
 Metaspace       used 34252K, capacity 35392K, committed 35416K, reserved 1079296K
  class space    used 4708K, capacity 4973K, committed 4992K, reserved 1048576K
Event: 5.936 GC heap after
Heap after GC invocations=9 (full 2):
 PSYoungGen      total 117248K, used 0K [0x00000000d5580000, 0x00000000e1800000, 0x0000000100000000)
  eden space 104960K, 0% used [0x00000000d5580000,0x00000000d5580000,0x00000000dbc00000)
  from space 12288K, 0% used [0x00000000dbc00000,0x00000000dbc00000,0x00000000dc800000)
  to   space 11776K, 0% used [0x00000000e0c80000,0x00000000e0c80000,0x00000000e1800000)
 ParOldGen       total 149504K, used 14825K [0x0000000080000000, 0x0000000089200000, 0x00000000d5580000)
  object space 149504K, 9% used [0x0000000080000000,0x0000000080e7a648,0x0000000089200000)
 Metaspace       used 34252K, capacity 35392K, committed 35416K, reserved 1079296K
  class space    used 4708K, capacity 4973K, committed 4992K, reserved 1048576K
}
Event: 7.160 GC heap before
{Heap before GC invocations=10 (full 2):
 PSYoungGen      total 117248K, used 104960K [0x00000000d5580000, 0x00000000e1800000, 0x0000000100000000)
  eden space 104960K, 100% used [0x00000000d5580000,0x00000000dbc00000,0x00000000dbc00000)
  from space 12288K, 0% used [0x00000000dbc00000,0x00000000dbc00000,0x00000000dc800000)
  to   space 11776K, 0% used [0x00000000e0c80000,0x00000000e0c80000,0x00000000e1800000)
 ParOldGen       total 149504K, used 14825K [0x0000000080000000, 0x0000000089200000, 0x00000000d5580000)
  object space 149504K, 9% used [0x0000000080000000,0x0000000080e7a648,0x0000000089200000)
 Metaspace       used 37990K, capacity 39722K, committed 39896K, reserved 1083392K
  class space    used 5235K, capacity 5585K, committed 5632K, reserved 1048576K
Event: 7.171 GC heap after
Heap after GC invocations=10 (full 2):
 PSYoungGen      total 158208K, used 7725K [0x00000000d5580000, 0x00000000e1480000, 0x0000000100000000)
  eden space 150016K, 0% used [0x00000000d5580000,0x00000000d5580000,0x00000000de800000)
  from space 8192K, 94% used [0x00000000e0c80000,0x00000000e140b418,0x00000000e1480000)
  to   space 11264K, 0% used [0x00000000dfe80000,0x00000000dfe80000,0x00000000e0980000)
 ParOldGen       total 149504K, used 14833K [0x0000000080000000, 0x0000000089200000, 0x00000000d5580000)
  object space 149504K, 9% used [0x0000000080000000,0x0000000080e7c648,0x0000000089200000)
 Metaspace       used 37990K, capacity 39722K, committed 39896K, reserved 1083392K
  class space    used 5235K, capacity 5585K, committed 5632K, reserved 1048576K
}
Event: 9.398 GC heap before
{Heap before GC invocations=11 (full 2):
 PSYoungGen      total 158208K, used 157741K [0x00000000d5580000, 0x00000000e1480000, 0x0000000100000000)
  eden space 150016K, 100% used [0x00000000d5580000,0x00000000de800000,0x00000000de800000)
  from space 8192K, 94% used [0x00000000e0c80000,0x00000000e140b418,0x00000000e1480000)
  to   space 11264K, 0% used [0x00000000dfe80000,0x00000000dfe80000,0x00000000e0980000)
 ParOldGen       total 149504K, used 14833K [0x0000000080000000, 0x0000000089200000, 0x00000000d5580000)
  object space 149504K, 9% used [0x0000000080000000,0x0000000080e7c648,0x0000000089200000)
 Metaspace       used 51987K, capacity 54064K, committed 54232K, reserved 1095680K
  class space    used 6952K, capacity 7386K, committed 7424K, reserved 1048576K
Event: 9.423 GC heap after
Heap after GC invocations=11 (full 2):
 PSYoungGen      total 184320K, used 11236K [0x00000000d5580000, 0x00000000e2e00000, 0x0000000100000000)
  eden space 173056K, 0% used [0x00000000d5580000,0x00000000d5580000,0x00000000dfe80000)
  from space 11264K, 99% used [0x00000000dfe80000,0x00000000e0979310,0x00000000e0980000)
  to   space 17408K, 0% used [0x00000000e1d00000,0x00000000e1d00000,0x00000000e2e00000)
 ParOldGen       total 149504K, used 26854K [0x0000000080000000, 0x0000000089200000, 0x00000000d5580000)
  object space 149504K, 17% used [0x0000000080000000,0x0000000081a39878,0x0000000089200000)
 Metaspace       used 51987K, capacity 54064K, committed 54232K, reserved 1095680K
  class space    used 6952K, capacity 7386K, committed 7424K, reserved 1048576K
}
Event: 10.494 GC heap before
{Heap before GC invocations=12 (full 2):
 PSYoungGen      total 184320K, used 60857K [0x00000000d5580000, 0x00000000e2e00000, 0x0000000100000000)
  eden space 173056K, 28% used [0x00000000d5580000,0x00000000d85f50f8,0x00000000dfe80000)
  from space 11264K, 99% used [0x00000000dfe80000,0x00000000e0979310,0x00000000e0980000)
  to   space 17408K, 0% used [0x00000000e1d00000,0x00000000e1d00000,0x00000000e2e00000)
 ParOldGen       total 149504K, used 26854K [0x0000000080000000, 0x0000000089200000, 0x00000000d5580000)
  object space 149504K, 17% used [0x0000000080000000,0x0000000081a39878,0x0000000089200000)
 Metaspace       used 56536K, capacity 58914K, committed 59028K, reserved 1099776K
  class space    used 7730K, capacity 8180K, committed 8192K, reserved 1048576K
Event: 10.518 GC heap after
Heap after GC invocations=12 (full 2):
 PSYoungGen      total 202752K, used 17078K [0x00000000d5580000, 0x00000000e5000000, 0x0000000100000000)
  eden space 185344K, 0% used [0x00000000d5580000,0x00000000d5580000,0x00000000e0a80000)
  from space 17408K, 98% used [0x00000000e1d00000,0x00000000e2dad970,0x00000000e2e00000)
  to   space 18944K, 0% used [0x00000000e0a80000,0x00000000e0a80000,0x00000000e1d00000)
 ParOldGen       total 149504K, used 26862K [0x0000000080000000, 0x0000000089200000, 0x00000000d5580000)
  object space 149504K, 17% used [0x0000000080000000,0x0000000081a3b878,0x0000000089200000)
 Metaspace       used 56536K, capacity 58914K, committed 59028K, reserved 1099776K
  class space    used 7730K, capacity 8180K, committed 8192K, reserved 1048576K
}
Event: 10.518 GC heap before
{Heap before GC invocations=13 (full 3):
 PSYoungGen      total 202752K, used 17078K [0x00000000d5580000, 0x00000000e5000000, 0x0000000100000000)
  eden space 185344K, 0% used [0x00000000d5580000,0x00000000d5580000,0x00000000e0a80000)
  from space 17408K, 98% used [0x00000000e1d00000,0x00000000e2dad970,0x00000000e2e00000)
  to   space 18944K, 0% used [0x00000000e0a80000,0x00000000e0a80000,0x00000000e1d00000)
 ParOldGen       total 149504K, used 26862K [0x0000000080000000, 0x0000000089200000, 0x00000000d5580000)
  object space 149504K, 17% used [0x0000000080000000,0x0000000081a3b878,0x0000000089200000)
 Metaspace       used 56536K, capacity 58914K, committed 59028K, reserved 1099776K
  class space    used 7730K, capacity 8180K, committed 8192K, reserved 1048576K
Event: 10.754 GC heap after
Heap after GC invocations=13 (full 3):
 PSYoungGen      total 202752K, used 0K [0x00000000d5580000, 0x00000000e5000000, 0x0000000100000000)
  eden space 185344K, 0% used [0x00000000d5580000,0x00000000d5580000,0x00000000e0a80000)
  from space 17408K, 0% used [0x00000000e1d00000,0x00000000e1d00000,0x00000000e2e00000)
  to   space 18944K, 0% used [0x00000000e0a80000,0x00000000e0a80000,0x00000000e1d00000)
 ParOldGen       total 223232K, used 32006K [0x0000000080000000, 0x000000008da00000, 0x00000000d5580000)
  object space 223232K, 14% used [0x0000000080000000,0x0000000081f419b0,0x000000008da00000)
 Metaspace       used 56508K, capacity 58818K, committed 59028K, reserved 1099776K
  class space    used 7721K, capacity 8164K, committed 8192K, reserved 1048576K
}

